[INFO  - 2018-10-30T10:40:12.082Z] GhostDriver - Main - running on port 41112
[INFO  - 2018-10-30T10:40:12.245Z] Session [2df59410-dc30-11e8-b912-e1f8aac7fe92] - page.settings - {"XSSAuditingEnabled":true,"javascriptCanCloseWindows":true,"javascriptCanOpenWindows":true,"javascriptEnabled":true,"loadImages":false,"localToRemoteUrlAccessEnabled":true,"userAgent":"Mozilla/5.0 (Macintosh; Intel Mac OS X) AppleWebKit/538.1 (KHTML, like Gecko) PhantomJS/2.1.1 Safari/538.1","webSecurityEnabled":false}
[INFO  - 2018-10-30T10:40:12.245Z] Session [2df59410-dc30-11e8-b912-e1f8aac7fe92] - page.customHeaders:  - {}
[INFO  - 2018-10-30T10:40:12.246Z] Session [2df59410-dc30-11e8-b912-e1f8aac7fe92] - Session.negotiatedCapabilities - {"browserName":"phantomjs","version":"2.1.1","driverName":"ghostdriver","driverVersion":"1.2.0","platform":"mac-unknown-64bit","javascriptEnabled":true,"takesScreenshot":true,"handlesAlerts":false,"databaseEnabled":false,"locationContextEnabled":false,"applicationCacheEnabled":false,"browserConnectionEnabled":false,"cssSelectorsEnabled":true,"webStorageEnabled":false,"rotatable":false,"acceptSslCerts":false,"nativeEvents":true,"proxy":{"proxyType":"direct"},"phantomjs.page.settings.XSSAuditingEnabled":true,"phantomjs.page.settings.webSecurityEnabled":false,"phantomjs.page.settings.localToRemoteUrlAccessEnabled":true,"phantomjs.page.settings.loadImages":false}
[INFO  - 2018-10-30T10:40:12.246Z] SessionManagerReqHand - _postNewSessionCommand - New Session Created: 2df59410-dc30-11e8-b912-e1f8aac7fe92
[INFO  - 2018-10-30T10:40:26.921Z] ShutdownReqHand - _handle - About to shutdown
[INFO  - 2018-10-30T10:41:03.309Z] GhostDriver - Main - running on port 14228
[INFO  - 2018-10-30T10:41:03.624Z] Session [4c956440-dc30-11e8-bb02-4522c661d135] - page.settings - {"XSSAuditingEnabled":true,"javascriptCanCloseWindows":true,"javascriptCanOpenWindows":true,"javascriptEnabled":true,"loadImages":false,"localToRemoteUrlAccessEnabled":true,"userAgent":"Mozilla/5.0 (Macintosh; Intel Mac OS X) AppleWebKit/538.1 (KHTML, like Gecko) PhantomJS/2.1.1 Safari/538.1","webSecurityEnabled":false}
[INFO  - 2018-10-30T10:41:03.625Z] Session [4c956440-dc30-11e8-bb02-4522c661d135] - page.customHeaders:  - {}
[INFO  - 2018-10-30T10:41:03.625Z] Session [4c956440-dc30-11e8-bb02-4522c661d135] - Session.negotiatedCapabilities - {"browserName":"phantomjs","version":"2.1.1","driverName":"ghostdriver","driverVersion":"1.2.0","platform":"mac-unknown-64bit","javascriptEnabled":true,"takesScreenshot":true,"handlesAlerts":false,"databaseEnabled":false,"locationContextEnabled":false,"applicationCacheEnabled":false,"browserConnectionEnabled":false,"cssSelectorsEnabled":true,"webStorageEnabled":false,"rotatable":false,"acceptSslCerts":false,"nativeEvents":true,"proxy":{"proxyType":"direct"},"phantomjs.page.settings.XSSAuditingEnabled":true,"phantomjs.page.settings.webSecurityEnabled":false,"phantomjs.page.settings.localToRemoteUrlAccessEnabled":true,"phantomjs.page.settings.loadImages":false}
[INFO  - 2018-10-30T10:41:03.625Z] SessionManagerReqHand - _postNewSessionCommand - New Session Created: 4c956440-dc30-11e8-bb02-4522c661d135
[INFO  - 2018-10-30T10:41:17.631Z] ShutdownReqHand - _handle - About to shutdown
[INFO  - 2018-10-30T11:02:45.643Z] GhostDriver - Main - running on port 28762
[INFO  - 2018-10-30T11:02:45.895Z] Session [54cc0620-dc33-11e8-9b9f-0900a4c314cc] - page.settings - {"XSSAuditingEnabled":true,"javascriptCanCloseWindows":true,"javascriptCanOpenWindows":true,"javascriptEnabled":true,"loadImages":false,"localToRemoteUrlAccessEnabled":true,"userAgent":"Mozilla/5.0 (Macintosh; Intel Mac OS X) AppleWebKit/538.1 (KHTML, like Gecko) PhantomJS/2.1.1 Safari/538.1","webSecurityEnabled":false}
[INFO  - 2018-10-30T11:02:45.895Z] Session [54cc0620-dc33-11e8-9b9f-0900a4c314cc] - page.customHeaders:  - {}
[INFO  - 2018-10-30T11:02:45.896Z] Session [54cc0620-dc33-11e8-9b9f-0900a4c314cc] - Session.negotiatedCapabilities - {"browserName":"phantomjs","version":"2.1.1","driverName":"ghostdriver","driverVersion":"1.2.0","platform":"mac-unknown-64bit","javascriptEnabled":true,"takesScreenshot":true,"handlesAlerts":false,"databaseEnabled":false,"locationContextEnabled":false,"applicationCacheEnabled":false,"browserConnectionEnabled":false,"cssSelectorsEnabled":true,"webStorageEnabled":false,"rotatable":false,"acceptSslCerts":false,"nativeEvents":true,"proxy":{"proxyType":"direct"},"phantomjs.page.settings.XSSAuditingEnabled":true,"phantomjs.page.settings.webSecurityEnabled":false,"phantomjs.page.settings.localToRemoteUrlAccessEnabled":true,"phantomjs.page.settings.loadImages":false}
[INFO  - 2018-10-30T11:02:45.896Z] SessionManagerReqHand - _postNewSessionCommand - New Session Created: 54cc0620-dc33-11e8-9b9f-0900a4c314cc
[ERROR - 2018-10-30T11:03:12.866Z] WebElementLocator - _handleLocateCommand - Element(s) NOT Found: GAVE UP. Search Stop Time: 1540897392823
[ERROR - 2018-10-30T11:03:26.092Z] WebElementLocator - _handleLocateCommand - Element(s) NOT Found: GAVE UP. Search Stop Time: 1540897406086
[ERROR - 2018-10-30T11:03:36.802Z] WebElementLocator - _handleLocateCommand - Element(s) NOT Found: GAVE UP. Search Stop Time: 1540897416763
[INFO  - 2018-10-30T11:04:42.028Z] GhostDriver - Main - running on port 10115
[INFO  - 2018-10-30T11:04:42.300Z] Session [9a2e2b80-dc33-11e8-adc6-4375562ae5f3] - page.settings - {"XSSAuditingEnabled":true,"javascriptCanCloseWindows":true,"javascriptCanOpenWindows":true,"javascriptEnabled":true,"loadImages":false,"localToRemoteUrlAccessEnabled":true,"userAgent":"Mozilla/5.0 (Macintosh; Intel Mac OS X) AppleWebKit/538.1 (KHTML, like Gecko) PhantomJS/2.1.1 Safari/538.1","webSecurityEnabled":false}
[INFO  - 2018-10-30T11:04:42.300Z] Session [9a2e2b80-dc33-11e8-adc6-4375562ae5f3] - page.customHeaders:  - {}
[INFO  - 2018-10-30T11:04:42.300Z] Session [9a2e2b80-dc33-11e8-adc6-4375562ae5f3] - Session.negotiatedCapabilities - {"browserName":"phantomjs","version":"2.1.1","driverName":"ghostdriver","driverVersion":"1.2.0","platform":"mac-unknown-64bit","javascriptEnabled":true,"takesScreenshot":true,"handlesAlerts":false,"databaseEnabled":false,"locationContextEnabled":false,"applicationCacheEnabled":false,"browserConnectionEnabled":false,"cssSelectorsEnabled":true,"webStorageEnabled":false,"rotatable":false,"acceptSslCerts":false,"nativeEvents":true,"proxy":{"proxyType":"direct"},"phantomjs.page.settings.XSSAuditingEnabled":true,"phantomjs.page.settings.webSecurityEnabled":false,"phantomjs.page.settings.localToRemoteUrlAccessEnabled":true,"phantomjs.page.settings.loadImages":false}
[INFO  - 2018-10-30T11:04:42.300Z] SessionManagerReqHand - _postNewSessionCommand - New Session Created: 9a2e2b80-dc33-11e8-adc6-4375562ae5f3
[INFO  - 2018-10-30T11:04:56.140Z] ShutdownReqHand - _handle - About to shutdown
[INFO  - 2018-10-30T11:04:57.772Z] GhostDriver - Main - running on port 2367
[INFO  - 2018-10-30T11:04:58.223Z] Session [a3abaca0-dc33-11e8-92a2-73830aeef088] - page.settings - {"XSSAuditingEnabled":true,"javascriptCanCloseWindows":true,"javascriptCanOpenWindows":true,"javascriptEnabled":true,"loadImages":false,"localToRemoteUrlAccessEnabled":true,"userAgent":"Mozilla/5.0 (Macintosh; Intel Mac OS X) AppleWebKit/538.1 (KHTML, like Gecko) PhantomJS/2.1.1 Safari/538.1","webSecurityEnabled":false}
[INFO  - 2018-10-30T11:04:58.223Z] Session [a3abaca0-dc33-11e8-92a2-73830aeef088] - page.customHeaders:  - {}
[INFO  - 2018-10-30T11:04:58.223Z] Session [a3abaca0-dc33-11e8-92a2-73830aeef088] - Session.negotiatedCapabilities - {"browserName":"phantomjs","version":"2.1.1","driverName":"ghostdriver","driverVersion":"1.2.0","platform":"mac-unknown-64bit","javascriptEnabled":true,"takesScreenshot":true,"handlesAlerts":false,"databaseEnabled":false,"locationContextEnabled":false,"applicationCacheEnabled":false,"browserConnectionEnabled":false,"cssSelectorsEnabled":true,"webStorageEnabled":false,"rotatable":false,"acceptSslCerts":false,"nativeEvents":true,"proxy":{"proxyType":"direct"},"phantomjs.page.settings.XSSAuditingEnabled":true,"phantomjs.page.settings.webSecurityEnabled":false,"phantomjs.page.settings.localToRemoteUrlAccessEnabled":true,"phantomjs.page.settings.loadImages":false}
[INFO  - 2018-10-30T11:04:58.223Z] SessionManagerReqHand - _postNewSessionCommand - New Session Created: a3abaca0-dc33-11e8-92a2-73830aeef088
[INFO  - 2018-10-30T11:05:12.034Z] ShutdownReqHand - _handle - About to shutdown
[INFO  - 2018-10-30T11:05:13.673Z] GhostDriver - Main - running on port 41527
[INFO  - 2018-10-30T11:05:14.117Z] Session [ad24e800-dc33-11e8-89af-4bd85efeb721] - page.settings - {"XSSAuditingEnabled":true,"javascriptCanCloseWindows":true,"javascriptCanOpenWindows":true,"javascriptEnabled":true,"loadImages":false,"localToRemoteUrlAccessEnabled":true,"userAgent":"Mozilla/5.0 (Macintosh; Intel Mac OS X) AppleWebKit/538.1 (KHTML, like Gecko) PhantomJS/2.1.1 Safari/538.1","webSecurityEnabled":false}
[INFO  - 2018-10-30T11:05:14.117Z] Session [ad24e800-dc33-11e8-89af-4bd85efeb721] - page.customHeaders:  - {}
[INFO  - 2018-10-30T11:05:14.117Z] Session [ad24e800-dc33-11e8-89af-4bd85efeb721] - Session.negotiatedCapabilities - {"browserName":"phantomjs","version":"2.1.1","driverName":"ghostdriver","driverVersion":"1.2.0","platform":"mac-unknown-64bit","javascriptEnabled":true,"takesScreenshot":true,"handlesAlerts":false,"databaseEnabled":false,"locationContextEnabled":false,"applicationCacheEnabled":false,"browserConnectionEnabled":false,"cssSelectorsEnabled":true,"webStorageEnabled":false,"rotatable":false,"acceptSslCerts":false,"nativeEvents":true,"proxy":{"proxyType":"direct"},"phantomjs.page.settings.XSSAuditingEnabled":true,"phantomjs.page.settings.webSecurityEnabled":false,"phantomjs.page.settings.localToRemoteUrlAccessEnabled":true,"phantomjs.page.settings.loadImages":false}
[INFO  - 2018-10-30T11:05:14.117Z] SessionManagerReqHand - _postNewSessionCommand - New Session Created: ad24e800-dc33-11e8-89af-4bd85efeb721
[INFO  - 2018-10-30T11:05:29.905Z] ShutdownReqHand - _handle - About to shutdown
[INFO  - 2018-10-30T11:05:31.541Z] GhostDriver - Main - running on port 38206
[INFO  - 2018-10-30T11:05:31.990Z] Session [b7cc1c10-dc33-11e8-aa30-1fc11f81790d] - page.settings - {"XSSAuditingEnabled":true,"javascriptCanCloseWindows":true,"javascriptCanOpenWindows":true,"javascriptEnabled":true,"loadImages":false,"localToRemoteUrlAccessEnabled":true,"userAgent":"Mozilla/5.0 (Macintosh; Intel Mac OS X) AppleWebKit/538.1 (KHTML, like Gecko) PhantomJS/2.1.1 Safari/538.1","webSecurityEnabled":false}
[INFO  - 2018-10-30T11:05:31.990Z] Session [b7cc1c10-dc33-11e8-aa30-1fc11f81790d] - page.customHeaders:  - {}
[INFO  - 2018-10-30T11:05:31.990Z] Session [b7cc1c10-dc33-11e8-aa30-1fc11f81790d] - Session.negotiatedCapabilities - {"browserName":"phantomjs","version":"2.1.1","driverName":"ghostdriver","driverVersion":"1.2.0","platform":"mac-unknown-64bit","javascriptEnabled":true,"takesScreenshot":true,"handlesAlerts":false,"databaseEnabled":false,"locationContextEnabled":false,"applicationCacheEnabled":false,"browserConnectionEnabled":false,"cssSelectorsEnabled":true,"webStorageEnabled":false,"rotatable":false,"acceptSslCerts":false,"nativeEvents":true,"proxy":{"proxyType":"direct"},"phantomjs.page.settings.XSSAuditingEnabled":true,"phantomjs.page.settings.webSecurityEnabled":false,"phantomjs.page.settings.localToRemoteUrlAccessEnabled":true,"phantomjs.page.settings.loadImages":false}
[INFO  - 2018-10-30T11:05:31.990Z] SessionManagerReqHand - _postNewSessionCommand - New Session Created: b7cc1c10-dc33-11e8-aa30-1fc11f81790d
[ERROR - 2018-10-30T11:05:45.223Z] WebElementLocator - _handleLocateCommand - Element(s) NOT Found: GAVE UP. Search Stop Time: 1540897545186
[INFO  - 2018-10-30T11:05:47.035Z] GhostDriver - Main - running on port 19684
[INFO  - 2018-10-30T11:05:47.440Z] Session [c101bec0-dc33-11e8-a780-25fd464eddf2] - page.settings - {"XSSAuditingEnabled":true,"javascriptCanCloseWindows":true,"javascriptCanOpenWindows":true,"javascriptEnabled":true,"loadImages":false,"localToRemoteUrlAccessEnabled":true,"userAgent":"Mozilla/5.0 (Macintosh; Intel Mac OS X) AppleWebKit/538.1 (KHTML, like Gecko) PhantomJS/2.1.1 Safari/538.1","webSecurityEnabled":false}
[INFO  - 2018-10-30T11:05:47.440Z] Session [c101bec0-dc33-11e8-a780-25fd464eddf2] - page.customHeaders:  - {}
[INFO  - 2018-10-30T11:05:47.441Z] Session [c101bec0-dc33-11e8-a780-25fd464eddf2] - Session.negotiatedCapabilities - {"browserName":"phantomjs","version":"2.1.1","driverName":"ghostdriver","driverVersion":"1.2.0","platform":"mac-unknown-64bit","javascriptEnabled":true,"takesScreenshot":true,"handlesAlerts":false,"databaseEnabled":false,"locationContextEnabled":false,"applicationCacheEnabled":false,"browserConnectionEnabled":false,"cssSelectorsEnabled":true,"webStorageEnabled":false,"rotatable":false,"acceptSslCerts":false,"nativeEvents":true,"proxy":{"proxyType":"direct"},"phantomjs.page.settings.XSSAuditingEnabled":true,"phantomjs.page.settings.webSecurityEnabled":false,"phantomjs.page.settings.localToRemoteUrlAccessEnabled":true,"phantomjs.page.settings.loadImages":false}
[INFO  - 2018-10-30T11:05:47.441Z] SessionManagerReqHand - _postNewSessionCommand - New Session Created: c101bec0-dc33-11e8-a780-25fd464eddf2
[ERROR - 2018-10-30T11:05:59.209Z] WebElementLocator - _handleLocateCommand - Element(s) NOT Found: GAVE UP. Search Stop Time: 1540897559158
[INFO  - 2018-10-30T11:06:40.281Z] GhostDriver - Main - running on port 47151
[INFO  - 2018-10-30T11:06:40.587Z] Session [e0af7c80-dc33-11e8-a411-a9e3d9f18a9a] - page.settings - {"XSSAuditingEnabled":true,"javascriptCanCloseWindows":true,"javascriptCanOpenWindows":true,"javascriptEnabled":true,"loadImages":false,"localToRemoteUrlAccessEnabled":true,"userAgent":"Mozilla/5.0 (Macintosh; Intel Mac OS X) AppleWebKit/538.1 (KHTML, like Gecko) PhantomJS/2.1.1 Safari/538.1","webSecurityEnabled":false}
[INFO  - 2018-10-30T11:06:40.587Z] Session [e0af7c80-dc33-11e8-a411-a9e3d9f18a9a] - page.customHeaders:  - {}
[INFO  - 2018-10-30T11:06:40.588Z] Session [e0af7c80-dc33-11e8-a411-a9e3d9f18a9a] - Session.negotiatedCapabilities - {"browserName":"phantomjs","version":"2.1.1","driverName":"ghostdriver","driverVersion":"1.2.0","platform":"mac-unknown-64bit","javascriptEnabled":true,"takesScreenshot":true,"handlesAlerts":false,"databaseEnabled":false,"locationContextEnabled":false,"applicationCacheEnabled":false,"browserConnectionEnabled":false,"cssSelectorsEnabled":true,"webStorageEnabled":false,"rotatable":false,"acceptSslCerts":false,"nativeEvents":true,"proxy":{"proxyType":"direct"},"phantomjs.page.settings.XSSAuditingEnabled":true,"phantomjs.page.settings.webSecurityEnabled":false,"phantomjs.page.settings.localToRemoteUrlAccessEnabled":true,"phantomjs.page.settings.loadImages":false}
[INFO  - 2018-10-30T11:06:40.588Z] SessionManagerReqHand - _postNewSessionCommand - New Session Created: e0af7c80-dc33-11e8-a411-a9e3d9f18a9a
[INFO  - 2018-10-30T11:07:10.837Z] ShutdownReqHand - _handle - About to shutdown
[INFO  - 2018-10-30T11:07:12.470Z] GhostDriver - Main - running on port 40696
[INFO  - 2018-10-30T11:07:12.923Z] Session [f3f56a70-dc33-11e8-8552-3f37ac254e72] - page.settings - {"XSSAuditingEnabled":true,"javascriptCanCloseWindows":true,"javascriptCanOpenWindows":true,"javascriptEnabled":true,"loadImages":false,"localToRemoteUrlAccessEnabled":true,"userAgent":"Mozilla/5.0 (Macintosh; Intel Mac OS X) AppleWebKit/538.1 (KHTML, like Gecko) PhantomJS/2.1.1 Safari/538.1","webSecurityEnabled":false}
[INFO  - 2018-10-30T11:07:12.923Z] Session [f3f56a70-dc33-11e8-8552-3f37ac254e72] - page.customHeaders:  - {}
[INFO  - 2018-10-30T11:07:12.923Z] Session [f3f56a70-dc33-11e8-8552-3f37ac254e72] - Session.negotiatedCapabilities - {"browserName":"phantomjs","version":"2.1.1","driverName":"ghostdriver","driverVersion":"1.2.0","platform":"mac-unknown-64bit","javascriptEnabled":true,"takesScreenshot":true,"handlesAlerts":false,"databaseEnabled":false,"locationContextEnabled":false,"applicationCacheEnabled":false,"browserConnectionEnabled":false,"cssSelectorsEnabled":true,"webStorageEnabled":false,"rotatable":false,"acceptSslCerts":false,"nativeEvents":true,"proxy":{"proxyType":"direct"},"phantomjs.page.settings.XSSAuditingEnabled":true,"phantomjs.page.settings.webSecurityEnabled":false,"phantomjs.page.settings.localToRemoteUrlAccessEnabled":true,"phantomjs.page.settings.loadImages":false}
[INFO  - 2018-10-30T11:07:12.923Z] SessionManagerReqHand - _postNewSessionCommand - New Session Created: f3f56a70-dc33-11e8-8552-3f37ac254e72
[INFO  - 2018-10-30T11:07:42.365Z] ShutdownReqHand - _handle - About to shutdown
[INFO  - 2018-10-30T11:07:44.001Z] GhostDriver - Main - running on port 36988
[INFO  - 2018-10-30T11:07:44.448Z] Session [06bf98b0-dc34-11e8-8f61-05774acc810b] - page.settings - {"XSSAuditingEnabled":true,"javascriptCanCloseWindows":true,"javascriptCanOpenWindows":true,"javascriptEnabled":true,"loadImages":false,"localToRemoteUrlAccessEnabled":true,"userAgent":"Mozilla/5.0 (Macintosh; Intel Mac OS X) AppleWebKit/538.1 (KHTML, like Gecko) PhantomJS/2.1.1 Safari/538.1","webSecurityEnabled":false}
[INFO  - 2018-10-30T11:07:44.448Z] Session [06bf98b0-dc34-11e8-8f61-05774acc810b] - page.customHeaders:  - {}
[INFO  - 2018-10-30T11:07:44.448Z] Session [06bf98b0-dc34-11e8-8f61-05774acc810b] - Session.negotiatedCapabilities - {"browserName":"phantomjs","version":"2.1.1","driverName":"ghostdriver","driverVersion":"1.2.0","platform":"mac-unknown-64bit","javascriptEnabled":true,"takesScreenshot":true,"handlesAlerts":false,"databaseEnabled":false,"locationContextEnabled":false,"applicationCacheEnabled":false,"browserConnectionEnabled":false,"cssSelectorsEnabled":true,"webStorageEnabled":false,"rotatable":false,"acceptSslCerts":false,"nativeEvents":true,"proxy":{"proxyType":"direct"},"phantomjs.page.settings.XSSAuditingEnabled":true,"phantomjs.page.settings.webSecurityEnabled":false,"phantomjs.page.settings.localToRemoteUrlAccessEnabled":true,"phantomjs.page.settings.loadImages":false}
[INFO  - 2018-10-30T11:07:44.448Z] SessionManagerReqHand - _postNewSessionCommand - New Session Created: 06bf98b0-dc34-11e8-8f61-05774acc810b
[INFO  - 2018-10-30T11:08:14.803Z] ShutdownReqHand - _handle - About to shutdown
[INFO  - 2018-10-30T11:08:16.409Z] GhostDriver - Main - running on port 33507
[INFO  - 2018-10-30T11:08:16.889Z] Session [1a15da50-dc34-11e8-9956-2994d6811250] - page.settings - {"XSSAuditingEnabled":true,"javascriptCanCloseWindows":true,"javascriptCanOpenWindows":true,"javascriptEnabled":true,"loadImages":false,"localToRemoteUrlAccessEnabled":true,"userAgent":"Mozilla/5.0 (Macintosh; Intel Mac OS X) AppleWebKit/538.1 (KHTML, like Gecko) PhantomJS/2.1.1 Safari/538.1","webSecurityEnabled":false}
[INFO  - 2018-10-30T11:08:16.890Z] Session [1a15da50-dc34-11e8-9956-2994d6811250] - page.customHeaders:  - {}
[INFO  - 2018-10-30T11:08:16.890Z] Session [1a15da50-dc34-11e8-9956-2994d6811250] - Session.negotiatedCapabilities - {"browserName":"phantomjs","version":"2.1.1","driverName":"ghostdriver","driverVersion":"1.2.0","platform":"mac-unknown-64bit","javascriptEnabled":true,"takesScreenshot":true,"handlesAlerts":false,"databaseEnabled":false,"locationContextEnabled":false,"applicationCacheEnabled":false,"browserConnectionEnabled":false,"cssSelectorsEnabled":true,"webStorageEnabled":false,"rotatable":false,"acceptSslCerts":false,"nativeEvents":true,"proxy":{"proxyType":"direct"},"phantomjs.page.settings.XSSAuditingEnabled":true,"phantomjs.page.settings.webSecurityEnabled":false,"phantomjs.page.settings.localToRemoteUrlAccessEnabled":true,"phantomjs.page.settings.loadImages":false}
[INFO  - 2018-10-30T11:08:16.890Z] SessionManagerReqHand - _postNewSessionCommand - New Session Created: 1a15da50-dc34-11e8-9956-2994d6811250
[INFO  - 2018-10-30T11:08:47.661Z] ShutdownReqHand - _handle - About to shutdown
[INFO  - 2018-10-30T11:08:49.276Z] GhostDriver - Main - running on port 11596
[INFO  - 2018-10-30T11:08:49.741Z] Session [2daaab90-dc34-11e8-9628-1d46e280402e] - page.settings - {"XSSAuditingEnabled":true,"javascriptCanCloseWindows":true,"javascriptCanOpenWindows":true,"javascriptEnabled":true,"loadImages":false,"localToRemoteUrlAccessEnabled":true,"userAgent":"Mozilla/5.0 (Macintosh; Intel Mac OS X) AppleWebKit/538.1 (KHTML, like Gecko) PhantomJS/2.1.1 Safari/538.1","webSecurityEnabled":false}
[INFO  - 2018-10-30T11:08:49.741Z] Session [2daaab90-dc34-11e8-9628-1d46e280402e] - page.customHeaders:  - {}
[INFO  - 2018-10-30T11:08:49.741Z] Session [2daaab90-dc34-11e8-9628-1d46e280402e] - Session.negotiatedCapabilities - {"browserName":"phantomjs","version":"2.1.1","driverName":"ghostdriver","driverVersion":"1.2.0","platform":"mac-unknown-64bit","javascriptEnabled":true,"takesScreenshot":true,"handlesAlerts":false,"databaseEnabled":false,"locationContextEnabled":false,"applicationCacheEnabled":false,"browserConnectionEnabled":false,"cssSelectorsEnabled":true,"webStorageEnabled":false,"rotatable":false,"acceptSslCerts":false,"nativeEvents":true,"proxy":{"proxyType":"direct"},"phantomjs.page.settings.XSSAuditingEnabled":true,"phantomjs.page.settings.webSecurityEnabled":false,"phantomjs.page.settings.localToRemoteUrlAccessEnabled":true,"phantomjs.page.settings.loadImages":false}
[INFO  - 2018-10-30T11:08:49.741Z] SessionManagerReqHand - _postNewSessionCommand - New Session Created: 2daaab90-dc34-11e8-9628-1d46e280402e
[INFO  - 2018-10-30T11:09:19.563Z] ShutdownReqHand - _handle - About to shutdown
[INFO  - 2018-10-30T11:17:27.748Z] GhostDriver - Main - running on port 33658
[INFO  - 2018-10-30T11:17:28.123Z] Session [62a57c70-dc35-11e8-8ed4-897f091473e5] - page.settings - {"XSSAuditingEnabled":true,"javascriptCanCloseWindows":true,"javascriptCanOpenWindows":true,"javascriptEnabled":true,"loadImages":false,"localToRemoteUrlAccessEnabled":true,"userAgent":"Mozilla/5.0 (Macintosh; Intel Mac OS X) AppleWebKit/538.1 (KHTML, like Gecko) PhantomJS/2.1.1 Safari/538.1","webSecurityEnabled":false}
[INFO  - 2018-10-30T11:17:28.124Z] Session [62a57c70-dc35-11e8-8ed4-897f091473e5] - page.customHeaders:  - {}
[INFO  - 2018-10-30T11:17:28.124Z] Session [62a57c70-dc35-11e8-8ed4-897f091473e5] - Session.negotiatedCapabilities - {"browserName":"phantomjs","version":"2.1.1","driverName":"ghostdriver","driverVersion":"1.2.0","platform":"mac-unknown-64bit","javascriptEnabled":true,"takesScreenshot":true,"handlesAlerts":false,"databaseEnabled":false,"locationContextEnabled":false,"applicationCacheEnabled":false,"browserConnectionEnabled":false,"cssSelectorsEnabled":true,"webStorageEnabled":false,"rotatable":false,"acceptSslCerts":false,"nativeEvents":true,"proxy":{"proxyType":"direct"},"phantomjs.page.settings.XSSAuditingEnabled":true,"phantomjs.page.settings.webSecurityEnabled":false,"phantomjs.page.settings.localToRemoteUrlAccessEnabled":true,"phantomjs.page.settings.loadImages":false}
[INFO  - 2018-10-30T11:17:28.124Z] SessionManagerReqHand - _postNewSessionCommand - New Session Created: 62a57c70-dc35-11e8-8ed4-897f091473e5
[INFO  - 2018-10-30T11:17:58.113Z] ShutdownReqHand - _handle - About to shutdown
[INFO  - 2018-10-30T11:17:59.989Z] GhostDriver - Main - running on port 14491
[INFO  - 2018-10-30T11:18:00.205Z] Session [75c4a880-dc35-11e8-920d-99a9faa08811] - page.settings - {"XSSAuditingEnabled":true,"javascriptCanCloseWindows":true,"javascriptCanOpenWindows":true,"javascriptEnabled":true,"loadImages":false,"localToRemoteUrlAccessEnabled":true,"userAgent":"Mozilla/5.0 (Macintosh; Intel Mac OS X) AppleWebKit/538.1 (KHTML, like Gecko) PhantomJS/2.1.1 Safari/538.1","webSecurityEnabled":false}
[INFO  - 2018-10-30T11:18:00.205Z] Session [75c4a880-dc35-11e8-920d-99a9faa08811] - page.customHeaders:  - {}
[INFO  - 2018-10-30T11:18:00.205Z] Session [75c4a880-dc35-11e8-920d-99a9faa08811] - Session.negotiatedCapabilities - {"browserName":"phantomjs","version":"2.1.1","driverName":"ghostdriver","driverVersion":"1.2.0","platform":"mac-unknown-64bit","javascriptEnabled":true,"takesScreenshot":true,"handlesAlerts":false,"databaseEnabled":false,"locationContextEnabled":false,"applicationCacheEnabled":false,"browserConnectionEnabled":false,"cssSelectorsEnabled":true,"webStorageEnabled":false,"rotatable":false,"acceptSslCerts":false,"nativeEvents":true,"proxy":{"proxyType":"direct"},"phantomjs.page.settings.XSSAuditingEnabled":true,"phantomjs.page.settings.webSecurityEnabled":false,"phantomjs.page.settings.localToRemoteUrlAccessEnabled":true,"phantomjs.page.settings.loadImages":false}
[INFO  - 2018-10-30T11:18:00.205Z] SessionManagerReqHand - _postNewSessionCommand - New Session Created: 75c4a880-dc35-11e8-920d-99a9faa08811
[INFO  - 2018-10-30T11:18:30.981Z] ShutdownReqHand - _handle - About to shutdown
[INFO  - 2018-10-30T11:18:32.657Z] GhostDriver - Main - running on port 48259
[INFO  - 2018-10-30T11:18:33.066Z] Session [895b0060-dc35-11e8-a638-3b3cb74225a5] - page.settings - {"XSSAuditingEnabled":true,"javascriptCanCloseWindows":true,"javascriptCanOpenWindows":true,"javascriptEnabled":true,"loadImages":false,"localToRemoteUrlAccessEnabled":true,"userAgent":"Mozilla/5.0 (Macintosh; Intel Mac OS X) AppleWebKit/538.1 (KHTML, like Gecko) PhantomJS/2.1.1 Safari/538.1","webSecurityEnabled":false}
[INFO  - 2018-10-30T11:18:33.066Z] Session [895b0060-dc35-11e8-a638-3b3cb74225a5] - page.customHeaders:  - {}
[INFO  - 2018-10-30T11:18:33.066Z] Session [895b0060-dc35-11e8-a638-3b3cb74225a5] - Session.negotiatedCapabilities - {"browserName":"phantomjs","version":"2.1.1","driverName":"ghostdriver","driverVersion":"1.2.0","platform":"mac-unknown-64bit","javascriptEnabled":true,"takesScreenshot":true,"handlesAlerts":false,"databaseEnabled":false,"locationContextEnabled":false,"applicationCacheEnabled":false,"browserConnectionEnabled":false,"cssSelectorsEnabled":true,"webStorageEnabled":false,"rotatable":false,"acceptSslCerts":false,"nativeEvents":true,"proxy":{"proxyType":"direct"},"phantomjs.page.settings.XSSAuditingEnabled":true,"phantomjs.page.settings.webSecurityEnabled":false,"phantomjs.page.settings.localToRemoteUrlAccessEnabled":true,"phantomjs.page.settings.loadImages":false}
[INFO  - 2018-10-30T11:18:33.066Z] SessionManagerReqHand - _postNewSessionCommand - New Session Created: 895b0060-dc35-11e8-a638-3b3cb74225a5
[INFO  - 2018-10-30T11:18:59.730Z] ShutdownReqHand - _handle - About to shutdown
[INFO  - 2018-10-30T11:19:01.432Z] GhostDriver - Main - running on port 24829
[INFO  - 2018-10-30T11:19:01.819Z] Session [9a7e3560-dc35-11e8-93de-81f98460e842] - page.settings - {"XSSAuditingEnabled":true,"javascriptCanCloseWindows":true,"javascriptCanOpenWindows":true,"javascriptEnabled":true,"loadImages":false,"localToRemoteUrlAccessEnabled":true,"userAgent":"Mozilla/5.0 (Macintosh; Intel Mac OS X) AppleWebKit/538.1 (KHTML, like Gecko) PhantomJS/2.1.1 Safari/538.1","webSecurityEnabled":false}
[INFO  - 2018-10-30T11:19:01.819Z] Session [9a7e3560-dc35-11e8-93de-81f98460e842] - page.customHeaders:  - {}
[INFO  - 2018-10-30T11:19:01.819Z] Session [9a7e3560-dc35-11e8-93de-81f98460e842] - Session.negotiatedCapabilities - {"browserName":"phantomjs","version":"2.1.1","driverName":"ghostdriver","driverVersion":"1.2.0","platform":"mac-unknown-64bit","javascriptEnabled":true,"takesScreenshot":true,"handlesAlerts":false,"databaseEnabled":false,"locationContextEnabled":false,"applicationCacheEnabled":false,"browserConnectionEnabled":false,"cssSelectorsEnabled":true,"webStorageEnabled":false,"rotatable":false,"acceptSslCerts":false,"nativeEvents":true,"proxy":{"proxyType":"direct"},"phantomjs.page.settings.XSSAuditingEnabled":true,"phantomjs.page.settings.webSecurityEnabled":false,"phantomjs.page.settings.localToRemoteUrlAccessEnabled":true,"phantomjs.page.settings.loadImages":false}
[INFO  - 2018-10-30T11:19:01.819Z] SessionManagerReqHand - _postNewSessionCommand - New Session Created: 9a7e3560-dc35-11e8-93de-81f98460e842
[INFO  - 2018-10-30T11:19:26.595Z] ShutdownReqHand - _handle - About to shutdown
[INFO  - 2018-10-30T11:19:28.282Z] GhostDriver - Main - running on port 31388
[INFO  - 2018-10-30T11:19:28.685Z] Session [aa81a280-dc35-11e8-9e7f-5b62c3069ea7] - page.settings - {"XSSAuditingEnabled":true,"javascriptCanCloseWindows":true,"javascriptCanOpenWindows":true,"javascriptEnabled":true,"loadImages":false,"localToRemoteUrlAccessEnabled":true,"userAgent":"Mozilla/5.0 (Macintosh; Intel Mac OS X) AppleWebKit/538.1 (KHTML, like Gecko) PhantomJS/2.1.1 Safari/538.1","webSecurityEnabled":false}
[INFO  - 2018-10-30T11:19:28.685Z] Session [aa81a280-dc35-11e8-9e7f-5b62c3069ea7] - page.customHeaders:  - {}
[INFO  - 2018-10-30T11:19:28.685Z] Session [aa81a280-dc35-11e8-9e7f-5b62c3069ea7] - Session.negotiatedCapabilities - {"browserName":"phantomjs","version":"2.1.1","driverName":"ghostdriver","driverVersion":"1.2.0","platform":"mac-unknown-64bit","javascriptEnabled":true,"takesScreenshot":true,"handlesAlerts":false,"databaseEnabled":false,"locationContextEnabled":false,"applicationCacheEnabled":false,"browserConnectionEnabled":false,"cssSelectorsEnabled":true,"webStorageEnabled":false,"rotatable":false,"acceptSslCerts":false,"nativeEvents":true,"proxy":{"proxyType":"direct"},"phantomjs.page.settings.XSSAuditingEnabled":true,"phantomjs.page.settings.webSecurityEnabled":false,"phantomjs.page.settings.localToRemoteUrlAccessEnabled":true,"phantomjs.page.settings.loadImages":false}
[INFO  - 2018-10-30T11:19:28.685Z] SessionManagerReqHand - _postNewSessionCommand - New Session Created: aa81a280-dc35-11e8-9e7f-5b62c3069ea7
[INFO  - 2018-10-30T11:19:53.949Z] ShutdownReqHand - _handle - About to shutdown
[INFO  - 2018-10-30T11:25:30.168Z] GhostDriver - Main - running on port 25994
[INFO  - 2018-10-30T11:25:30.718Z] Session [824ba3a0-dc36-11e8-8627-fd13b07d910c] - page.settings - {"XSSAuditingEnabled":true,"javascriptCanCloseWindows":true,"javascriptCanOpenWindows":true,"javascriptEnabled":true,"loadImages":false,"localToRemoteUrlAccessEnabled":true,"userAgent":"Mozilla/5.0 (Macintosh; Intel Mac OS X) AppleWebKit/538.1 (KHTML, like Gecko) PhantomJS/2.1.1 Safari/538.1","webSecurityEnabled":false}
[INFO  - 2018-10-30T11:25:30.718Z] Session [824ba3a0-dc36-11e8-8627-fd13b07d910c] - page.customHeaders:  - {}
[INFO  - 2018-10-30T11:25:30.718Z] Session [824ba3a0-dc36-11e8-8627-fd13b07d910c] - Session.negotiatedCapabilities - {"browserName":"phantomjs","version":"2.1.1","driverName":"ghostdriver","driverVersion":"1.2.0","platform":"mac-unknown-64bit","javascriptEnabled":true,"takesScreenshot":true,"handlesAlerts":false,"databaseEnabled":false,"locationContextEnabled":false,"applicationCacheEnabled":false,"browserConnectionEnabled":false,"cssSelectorsEnabled":true,"webStorageEnabled":false,"rotatable":false,"acceptSslCerts":false,"nativeEvents":true,"proxy":{"proxyType":"direct"},"phantomjs.page.settings.XSSAuditingEnabled":true,"phantomjs.page.settings.webSecurityEnabled":false,"phantomjs.page.settings.localToRemoteUrlAccessEnabled":true,"phantomjs.page.settings.loadImages":false}
[INFO  - 2018-10-30T11:25:30.718Z] SessionManagerReqHand - _postNewSessionCommand - New Session Created: 824ba3a0-dc36-11e8-8627-fd13b07d910c
[INFO  - 2018-10-30T11:26:00.468Z] ShutdownReqHand - _handle - About to shutdown
[INFO  - 2018-10-30T11:26:02.154Z] GhostDriver - Main - running on port 45061
[INFO  - 2018-10-30T11:26:02.553Z] Session [95454650-dc36-11e8-b36c-cd5733ccfb98] - page.settings - {"XSSAuditingEnabled":true,"javascriptCanCloseWindows":true,"javascriptCanOpenWindows":true,"javascriptEnabled":true,"loadImages":false,"localToRemoteUrlAccessEnabled":true,"userAgent":"Mozilla/5.0 (Macintosh; Intel Mac OS X) AppleWebKit/538.1 (KHTML, like Gecko) PhantomJS/2.1.1 Safari/538.1","webSecurityEnabled":false}
[INFO  - 2018-10-30T11:26:02.553Z] Session [95454650-dc36-11e8-b36c-cd5733ccfb98] - page.customHeaders:  - {}
[INFO  - 2018-10-30T11:26:02.553Z] Session [95454650-dc36-11e8-b36c-cd5733ccfb98] - Session.negotiatedCapabilities - {"browserName":"phantomjs","version":"2.1.1","driverName":"ghostdriver","driverVersion":"1.2.0","platform":"mac-unknown-64bit","javascriptEnabled":true,"takesScreenshot":true,"handlesAlerts":false,"databaseEnabled":false,"locationContextEnabled":false,"applicationCacheEnabled":false,"browserConnectionEnabled":false,"cssSelectorsEnabled":true,"webStorageEnabled":false,"rotatable":false,"acceptSslCerts":false,"nativeEvents":true,"proxy":{"proxyType":"direct"},"phantomjs.page.settings.XSSAuditingEnabled":true,"phantomjs.page.settings.webSecurityEnabled":false,"phantomjs.page.settings.localToRemoteUrlAccessEnabled":true,"phantomjs.page.settings.loadImages":false}
[INFO  - 2018-10-30T11:26:02.553Z] SessionManagerReqHand - _postNewSessionCommand - New Session Created: 95454650-dc36-11e8-b36c-cd5733ccfb98
[INFO  - 2018-10-30T11:26:31.965Z] ShutdownReqHand - _handle - About to shutdown
[INFO  - 2018-10-30T11:26:33.669Z] GhostDriver - Main - running on port 9890
[INFO  - 2018-10-30T11:26:34.054Z] Session [a80bf220-dc36-11e8-933c-b1fd84aaf87c] - page.settings - {"XSSAuditingEnabled":true,"javascriptCanCloseWindows":true,"javascriptCanOpenWindows":true,"javascriptEnabled":true,"loadImages":false,"localToRemoteUrlAccessEnabled":true,"userAgent":"Mozilla/5.0 (Macintosh; Intel Mac OS X) AppleWebKit/538.1 (KHTML, like Gecko) PhantomJS/2.1.1 Safari/538.1","webSecurityEnabled":false}
[INFO  - 2018-10-30T11:26:34.055Z] Session [a80bf220-dc36-11e8-933c-b1fd84aaf87c] - page.customHeaders:  - {}
[INFO  - 2018-10-30T11:26:34.055Z] Session [a80bf220-dc36-11e8-933c-b1fd84aaf87c] - Session.negotiatedCapabilities - {"browserName":"phantomjs","version":"2.1.1","driverName":"ghostdriver","driverVersion":"1.2.0","platform":"mac-unknown-64bit","javascriptEnabled":true,"takesScreenshot":true,"handlesAlerts":false,"databaseEnabled":false,"locationContextEnabled":false,"applicationCacheEnabled":false,"browserConnectionEnabled":false,"cssSelectorsEnabled":true,"webStorageEnabled":false,"rotatable":false,"acceptSslCerts":false,"nativeEvents":true,"proxy":{"proxyType":"direct"},"phantomjs.page.settings.XSSAuditingEnabled":true,"phantomjs.page.settings.webSecurityEnabled":false,"phantomjs.page.settings.localToRemoteUrlAccessEnabled":true,"phantomjs.page.settings.loadImages":false}
[INFO  - 2018-10-30T11:26:34.055Z] SessionManagerReqHand - _postNewSessionCommand - New Session Created: a80bf220-dc36-11e8-933c-b1fd84aaf87c
[INFO  - 2018-10-30T11:27:03.813Z] ShutdownReqHand - _handle - About to shutdown
[INFO  - 2018-10-30T11:36:24.904Z] GhostDriver - Main - running on port 2691
[INFO  - 2018-10-30T11:36:25.179Z] Session [08627670-dc38-11e8-8976-610721d22ccf] - page.settings - {"XSSAuditingEnabled":true,"javascriptCanCloseWindows":true,"javascriptCanOpenWindows":true,"javascriptEnabled":true,"loadImages":false,"localToRemoteUrlAccessEnabled":true,"userAgent":"Mozilla/5.0 (Macintosh; Intel Mac OS X) AppleWebKit/538.1 (KHTML, like Gecko) PhantomJS/2.1.1 Safari/538.1","webSecurityEnabled":false}
[INFO  - 2018-10-30T11:36:25.179Z] Session [08627670-dc38-11e8-8976-610721d22ccf] - page.customHeaders:  - {}
[INFO  - 2018-10-30T11:36:25.180Z] Session [08627670-dc38-11e8-8976-610721d22ccf] - Session.negotiatedCapabilities - {"browserName":"phantomjs","version":"2.1.1","driverName":"ghostdriver","driverVersion":"1.2.0","platform":"mac-unknown-64bit","javascriptEnabled":true,"takesScreenshot":true,"handlesAlerts":false,"databaseEnabled":false,"locationContextEnabled":false,"applicationCacheEnabled":false,"browserConnectionEnabled":false,"cssSelectorsEnabled":true,"webStorageEnabled":false,"rotatable":false,"acceptSslCerts":false,"nativeEvents":true,"proxy":{"proxyType":"direct"},"phantomjs.page.settings.XSSAuditingEnabled":true,"phantomjs.page.settings.webSecurityEnabled":false,"phantomjs.page.settings.localToRemoteUrlAccessEnabled":true,"phantomjs.page.settings.loadImages":false}
[INFO  - 2018-10-30T11:36:25.180Z] SessionManagerReqHand - _postNewSessionCommand - New Session Created: 08627670-dc38-11e8-8976-610721d22ccf
[INFO  - 2018-10-30T11:36:55.417Z] ShutdownReqHand - _handle - About to shutdown
[INFO  - 2018-10-30T11:36:57.068Z] GhostDriver - Main - running on port 3979
[INFO  - 2018-10-30T11:36:57.498Z] Session [1ba5cc50-dc38-11e8-874f-abebe4c35187] - page.settings - {"XSSAuditingEnabled":true,"javascriptCanCloseWindows":true,"javascriptCanOpenWindows":true,"javascriptEnabled":true,"loadImages":false,"localToRemoteUrlAccessEnabled":true,"userAgent":"Mozilla/5.0 (Macintosh; Intel Mac OS X) AppleWebKit/538.1 (KHTML, like Gecko) PhantomJS/2.1.1 Safari/538.1","webSecurityEnabled":false}
[INFO  - 2018-10-30T11:36:57.498Z] Session [1ba5cc50-dc38-11e8-874f-abebe4c35187] - page.customHeaders:  - {}
[INFO  - 2018-10-30T11:36:57.498Z] Session [1ba5cc50-dc38-11e8-874f-abebe4c35187] - Session.negotiatedCapabilities - {"browserName":"phantomjs","version":"2.1.1","driverName":"ghostdriver","driverVersion":"1.2.0","platform":"mac-unknown-64bit","javascriptEnabled":true,"takesScreenshot":true,"handlesAlerts":false,"databaseEnabled":false,"locationContextEnabled":false,"applicationCacheEnabled":false,"browserConnectionEnabled":false,"cssSelectorsEnabled":true,"webStorageEnabled":false,"rotatable":false,"acceptSslCerts":false,"nativeEvents":true,"proxy":{"proxyType":"direct"},"phantomjs.page.settings.XSSAuditingEnabled":true,"phantomjs.page.settings.webSecurityEnabled":false,"phantomjs.page.settings.localToRemoteUrlAccessEnabled":true,"phantomjs.page.settings.loadImages":false}
[INFO  - 2018-10-30T11:36:57.498Z] SessionManagerReqHand - _postNewSessionCommand - New Session Created: 1ba5cc50-dc38-11e8-874f-abebe4c35187
[INFO  - 2018-10-30T11:37:27.067Z] ShutdownReqHand - _handle - About to shutdown
[INFO  - 2018-10-30T11:37:28.701Z] GhostDriver - Main - running on port 27764
[INFO  - 2018-10-30T11:37:29.148Z] Session [2e835b80-dc38-11e8-ae40-9f3611ad258b] - page.settings - {"XSSAuditingEnabled":true,"javascriptCanCloseWindows":true,"javascriptCanOpenWindows":true,"javascriptEnabled":true,"loadImages":false,"localToRemoteUrlAccessEnabled":true,"userAgent":"Mozilla/5.0 (Macintosh; Intel Mac OS X) AppleWebKit/538.1 (KHTML, like Gecko) PhantomJS/2.1.1 Safari/538.1","webSecurityEnabled":false}
[INFO  - 2018-10-30T11:37:29.148Z] Session [2e835b80-dc38-11e8-ae40-9f3611ad258b] - page.customHeaders:  - {}
[INFO  - 2018-10-30T11:37:29.149Z] Session [2e835b80-dc38-11e8-ae40-9f3611ad258b] - Session.negotiatedCapabilities - {"browserName":"phantomjs","version":"2.1.1","driverName":"ghostdriver","driverVersion":"1.2.0","platform":"mac-unknown-64bit","javascriptEnabled":true,"takesScreenshot":true,"handlesAlerts":false,"databaseEnabled":false,"locationContextEnabled":false,"applicationCacheEnabled":false,"browserConnectionEnabled":false,"cssSelectorsEnabled":true,"webStorageEnabled":false,"rotatable":false,"acceptSslCerts":false,"nativeEvents":true,"proxy":{"proxyType":"direct"},"phantomjs.page.settings.XSSAuditingEnabled":true,"phantomjs.page.settings.webSecurityEnabled":false,"phantomjs.page.settings.localToRemoteUrlAccessEnabled":true,"phantomjs.page.settings.loadImages":false}
[INFO  - 2018-10-30T11:37:29.149Z] SessionManagerReqHand - _postNewSessionCommand - New Session Created: 2e835b80-dc38-11e8-ae40-9f3611ad258b
[INFO  - 2018-10-30T11:37:57.539Z] ShutdownReqHand - _handle - About to shutdown
[INFO  - 2018-10-30T11:41:35.088Z] GhostDriver - Main - running on port 9276
[INFO  - 2018-10-30T11:41:35.695Z] Session [c17771b0-dc38-11e8-8539-f3fabc6472d7] - page.settings - {"XSSAuditingEnabled":true,"javascriptCanCloseWindows":true,"javascriptCanOpenWindows":true,"javascriptEnabled":true,"loadImages":false,"localToRemoteUrlAccessEnabled":true,"userAgent":"Mozilla/5.0 (Macintosh; Intel Mac OS X) AppleWebKit/538.1 (KHTML, like Gecko) PhantomJS/2.1.1 Safari/538.1","webSecurityEnabled":false}
[INFO  - 2018-10-30T11:41:35.695Z] Session [c17771b0-dc38-11e8-8539-f3fabc6472d7] - page.customHeaders:  - {}
[INFO  - 2018-10-30T11:41:35.696Z] Session [c17771b0-dc38-11e8-8539-f3fabc6472d7] - Session.negotiatedCapabilities - {"browserName":"phantomjs","version":"2.1.1","driverName":"ghostdriver","driverVersion":"1.2.0","platform":"mac-unknown-64bit","javascriptEnabled":true,"takesScreenshot":true,"handlesAlerts":false,"databaseEnabled":false,"locationContextEnabled":false,"applicationCacheEnabled":false,"browserConnectionEnabled":false,"cssSelectorsEnabled":true,"webStorageEnabled":false,"rotatable":false,"acceptSslCerts":false,"nativeEvents":true,"proxy":{"proxyType":"direct"},"phantomjs.page.settings.XSSAuditingEnabled":true,"phantomjs.page.settings.webSecurityEnabled":false,"phantomjs.page.settings.localToRemoteUrlAccessEnabled":true,"phantomjs.page.settings.loadImages":false}
[INFO  - 2018-10-30T11:41:35.696Z] SessionManagerReqHand - _postNewSessionCommand - New Session Created: c17771b0-dc38-11e8-8539-f3fabc6472d7
[INFO  - 2018-10-30T11:42:05.344Z] ShutdownReqHand - _handle - About to shutdown
[INFO  - 2018-10-30T11:42:07.700Z] GhostDriver - Main - running on port 7451
[INFO  - 2018-10-30T11:42:07.942Z] Session [d4af7cf0-dc38-11e8-8fdb-6bac96884ba7] - page.settings - {"XSSAuditingEnabled":true,"javascriptCanCloseWindows":true,"javascriptCanOpenWindows":true,"javascriptEnabled":true,"loadImages":false,"localToRemoteUrlAccessEnabled":true,"userAgent":"Mozilla/5.0 (Macintosh; Intel Mac OS X) AppleWebKit/538.1 (KHTML, like Gecko) PhantomJS/2.1.1 Safari/538.1","webSecurityEnabled":false}
[INFO  - 2018-10-30T11:42:07.942Z] Session [d4af7cf0-dc38-11e8-8fdb-6bac96884ba7] - page.customHeaders:  - {}
[INFO  - 2018-10-30T11:42:07.942Z] Session [d4af7cf0-dc38-11e8-8fdb-6bac96884ba7] - Session.negotiatedCapabilities - {"browserName":"phantomjs","version":"2.1.1","driverName":"ghostdriver","driverVersion":"1.2.0","platform":"mac-unknown-64bit","javascriptEnabled":true,"takesScreenshot":true,"handlesAlerts":false,"databaseEnabled":false,"locationContextEnabled":false,"applicationCacheEnabled":false,"browserConnectionEnabled":false,"cssSelectorsEnabled":true,"webStorageEnabled":false,"rotatable":false,"acceptSslCerts":false,"nativeEvents":true,"proxy":{"proxyType":"direct"},"phantomjs.page.settings.XSSAuditingEnabled":true,"phantomjs.page.settings.webSecurityEnabled":false,"phantomjs.page.settings.localToRemoteUrlAccessEnabled":true,"phantomjs.page.settings.loadImages":false}
[INFO  - 2018-10-30T11:42:07.942Z] SessionManagerReqHand - _postNewSessionCommand - New Session Created: d4af7cf0-dc38-11e8-8fdb-6bac96884ba7
[INFO  - 2018-10-30T11:42:38.176Z] ShutdownReqHand - _handle - About to shutdown
[INFO  - 2018-10-30T11:42:40.276Z] GhostDriver - Main - running on port 18049
[INFO  - 2018-10-30T11:42:40.761Z] Session [e83f9340-dc38-11e8-a67e-879cb65dff89] - page.settings - {"XSSAuditingEnabled":true,"javascriptCanCloseWindows":true,"javascriptCanOpenWindows":true,"javascriptEnabled":true,"loadImages":false,"localToRemoteUrlAccessEnabled":true,"userAgent":"Mozilla/5.0 (Macintosh; Intel Mac OS X) AppleWebKit/538.1 (KHTML, like Gecko) PhantomJS/2.1.1 Safari/538.1","webSecurityEnabled":false}
[INFO  - 2018-10-30T11:42:40.761Z] Session [e83f9340-dc38-11e8-a67e-879cb65dff89] - page.customHeaders:  - {}
[INFO  - 2018-10-30T11:42:40.761Z] Session [e83f9340-dc38-11e8-a67e-879cb65dff89] - Session.negotiatedCapabilities - {"browserName":"phantomjs","version":"2.1.1","driverName":"ghostdriver","driverVersion":"1.2.0","platform":"mac-unknown-64bit","javascriptEnabled":true,"takesScreenshot":true,"handlesAlerts":false,"databaseEnabled":false,"locationContextEnabled":false,"applicationCacheEnabled":false,"browserConnectionEnabled":false,"cssSelectorsEnabled":true,"webStorageEnabled":false,"rotatable":false,"acceptSslCerts":false,"nativeEvents":true,"proxy":{"proxyType":"direct"},"phantomjs.page.settings.XSSAuditingEnabled":true,"phantomjs.page.settings.webSecurityEnabled":false,"phantomjs.page.settings.localToRemoteUrlAccessEnabled":true,"phantomjs.page.settings.loadImages":false}
[INFO  - 2018-10-30T11:42:40.761Z] SessionManagerReqHand - _postNewSessionCommand - New Session Created: e83f9340-dc38-11e8-a67e-879cb65dff89
[INFO  - 2018-10-30T11:43:10.332Z] ShutdownReqHand - _handle - About to shutdown
[INFO  - 2018-10-30T11:45:40.127Z] GhostDriver - Main - running on port 5656
[INFO  - 2018-10-30T11:45:40.435Z] Session [53566e60-dc39-11e8-8ea6-3b6b66e30c90] - page.settings - {"XSSAuditingEnabled":true,"javascriptCanCloseWindows":true,"javascriptCanOpenWindows":true,"javascriptEnabled":true,"loadImages":false,"localToRemoteUrlAccessEnabled":true,"userAgent":"Mozilla/5.0 (Macintosh; Intel Mac OS X) AppleWebKit/538.1 (KHTML, like Gecko) PhantomJS/2.1.1 Safari/538.1","webSecurityEnabled":false}
[INFO  - 2018-10-30T11:45:40.435Z] Session [53566e60-dc39-11e8-8ea6-3b6b66e30c90] - page.customHeaders:  - {}
[INFO  - 2018-10-30T11:45:40.436Z] Session [53566e60-dc39-11e8-8ea6-3b6b66e30c90] - Session.negotiatedCapabilities - {"browserName":"phantomjs","version":"2.1.1","driverName":"ghostdriver","driverVersion":"1.2.0","platform":"mac-unknown-64bit","javascriptEnabled":true,"takesScreenshot":true,"handlesAlerts":false,"databaseEnabled":false,"locationContextEnabled":false,"applicationCacheEnabled":false,"browserConnectionEnabled":false,"cssSelectorsEnabled":true,"webStorageEnabled":false,"rotatable":false,"acceptSslCerts":false,"nativeEvents":true,"proxy":{"proxyType":"direct"},"phantomjs.page.settings.XSSAuditingEnabled":true,"phantomjs.page.settings.webSecurityEnabled":false,"phantomjs.page.settings.localToRemoteUrlAccessEnabled":true,"phantomjs.page.settings.loadImages":false}
[INFO  - 2018-10-30T11:45:40.436Z] SessionManagerReqHand - _postNewSessionCommand - New Session Created: 53566e60-dc39-11e8-8ea6-3b6b66e30c90
[INFO  - 2018-10-30T11:46:28.411Z] ShutdownReqHand - _handle - About to shutdown
[INFO  - 2018-10-30T11:46:30.111Z] GhostDriver - Main - running on port 24026
[INFO  - 2018-10-30T11:46:30.495Z] Session [712e5ab0-dc39-11e8-abae-4fb65518bfa3] - page.settings - {"XSSAuditingEnabled":true,"javascriptCanCloseWindows":true,"javascriptCanOpenWindows":true,"javascriptEnabled":true,"loadImages":false,"localToRemoteUrlAccessEnabled":true,"userAgent":"Mozilla/5.0 (Macintosh; Intel Mac OS X) AppleWebKit/538.1 (KHTML, like Gecko) PhantomJS/2.1.1 Safari/538.1","webSecurityEnabled":false}
[INFO  - 2018-10-30T11:46:30.495Z] Session [712e5ab0-dc39-11e8-abae-4fb65518bfa3] - page.customHeaders:  - {}
[INFO  - 2018-10-30T11:46:30.496Z] Session [712e5ab0-dc39-11e8-abae-4fb65518bfa3] - Session.negotiatedCapabilities - {"browserName":"phantomjs","version":"2.1.1","driverName":"ghostdriver","driverVersion":"1.2.0","platform":"mac-unknown-64bit","javascriptEnabled":true,"takesScreenshot":true,"handlesAlerts":false,"databaseEnabled":false,"locationContextEnabled":false,"applicationCacheEnabled":false,"browserConnectionEnabled":false,"cssSelectorsEnabled":true,"webStorageEnabled":false,"rotatable":false,"acceptSslCerts":false,"nativeEvents":true,"proxy":{"proxyType":"direct"},"phantomjs.page.settings.XSSAuditingEnabled":true,"phantomjs.page.settings.webSecurityEnabled":false,"phantomjs.page.settings.localToRemoteUrlAccessEnabled":true,"phantomjs.page.settings.loadImages":false}
[INFO  - 2018-10-30T11:46:30.496Z] SessionManagerReqHand - _postNewSessionCommand - New Session Created: 712e5ab0-dc39-11e8-abae-4fb65518bfa3
[INFO  - 2018-10-30T11:46:57.442Z] ShutdownReqHand - _handle - About to shutdown
[INFO  - 2018-10-30T11:46:59.112Z] GhostDriver - Main - running on port 25277
[INFO  - 2018-10-30T11:46:59.526Z] Session [827bfb10-dc39-11e8-9d9a-cfa268fe1b4d] - page.settings - {"XSSAuditingEnabled":true,"javascriptCanCloseWindows":true,"javascriptCanOpenWindows":true,"javascriptEnabled":true,"loadImages":false,"localToRemoteUrlAccessEnabled":true,"userAgent":"Mozilla/5.0 (Macintosh; Intel Mac OS X) AppleWebKit/538.1 (KHTML, like Gecko) PhantomJS/2.1.1 Safari/538.1","webSecurityEnabled":false}
[INFO  - 2018-10-30T11:46:59.526Z] Session [827bfb10-dc39-11e8-9d9a-cfa268fe1b4d] - page.customHeaders:  - {}
[INFO  - 2018-10-30T11:46:59.526Z] Session [827bfb10-dc39-11e8-9d9a-cfa268fe1b4d] - Session.negotiatedCapabilities - {"browserName":"phantomjs","version":"2.1.1","driverName":"ghostdriver","driverVersion":"1.2.0","platform":"mac-unknown-64bit","javascriptEnabled":true,"takesScreenshot":true,"handlesAlerts":false,"databaseEnabled":false,"locationContextEnabled":false,"applicationCacheEnabled":false,"browserConnectionEnabled":false,"cssSelectorsEnabled":true,"webStorageEnabled":false,"rotatable":false,"acceptSslCerts":false,"nativeEvents":true,"proxy":{"proxyType":"direct"},"phantomjs.page.settings.XSSAuditingEnabled":true,"phantomjs.page.settings.webSecurityEnabled":false,"phantomjs.page.settings.localToRemoteUrlAccessEnabled":true,"phantomjs.page.settings.loadImages":false}
[INFO  - 2018-10-30T11:46:59.526Z] SessionManagerReqHand - _postNewSessionCommand - New Session Created: 827bfb10-dc39-11e8-9d9a-cfa268fe1b4d
[INFO  - 2018-10-30T11:47:24.487Z] ShutdownReqHand - _handle - About to shutdown
[INFO  - 2018-10-30T12:21:01.764Z] GhostDriver - Main - running on port 29263
[INFO  - 2018-10-30T12:21:02.105Z] Session [43f4cd40-dc3e-11e8-9f81-41dada5f51ff] - page.settings - {"XSSAuditingEnabled":true,"javascriptCanCloseWindows":true,"javascriptCanOpenWindows":true,"javascriptEnabled":true,"loadImages":false,"localToRemoteUrlAccessEnabled":true,"userAgent":"Mozilla/5.0 (Macintosh; Intel Mac OS X) AppleWebKit/538.1 (KHTML, like Gecko) PhantomJS/2.1.1 Safari/538.1","webSecurityEnabled":false}
[INFO  - 2018-10-30T12:21:02.105Z] Session [43f4cd40-dc3e-11e8-9f81-41dada5f51ff] - page.customHeaders:  - {}
[INFO  - 2018-10-30T12:21:02.105Z] Session [43f4cd40-dc3e-11e8-9f81-41dada5f51ff] - Session.negotiatedCapabilities - {"browserName":"phantomjs","version":"2.1.1","driverName":"ghostdriver","driverVersion":"1.2.0","platform":"mac-unknown-64bit","javascriptEnabled":true,"takesScreenshot":true,"handlesAlerts":false,"databaseEnabled":false,"locationContextEnabled":false,"applicationCacheEnabled":false,"browserConnectionEnabled":false,"cssSelectorsEnabled":true,"webStorageEnabled":false,"rotatable":false,"acceptSslCerts":false,"nativeEvents":true,"proxy":{"proxyType":"direct"},"phantomjs.page.settings.XSSAuditingEnabled":true,"phantomjs.page.settings.webSecurityEnabled":false,"phantomjs.page.settings.localToRemoteUrlAccessEnabled":true,"phantomjs.page.settings.loadImages":false}
[INFO  - 2018-10-30T12:21:02.105Z] SessionManagerReqHand - _postNewSessionCommand - New Session Created: 43f4cd40-dc3e-11e8-9f81-41dada5f51ff
[INFO  - 2018-10-30T12:21:32.533Z] ShutdownReqHand - _handle - About to shutdown
[INFO  - 2018-10-30T12:21:34.173Z] GhostDriver - Main - running on port 36823
[INFO  - 2018-10-30T12:21:34.616Z] Session [5755bd40-dc3e-11e8-976d-2df7c907daaa] - page.settings - {"XSSAuditingEnabled":true,"javascriptCanCloseWindows":true,"javascriptCanOpenWindows":true,"javascriptEnabled":true,"loadImages":false,"localToRemoteUrlAccessEnabled":true,"userAgent":"Mozilla/5.0 (Macintosh; Intel Mac OS X) AppleWebKit/538.1 (KHTML, like Gecko) PhantomJS/2.1.1 Safari/538.1","webSecurityEnabled":false}
[INFO  - 2018-10-30T12:21:34.616Z] Session [5755bd40-dc3e-11e8-976d-2df7c907daaa] - page.customHeaders:  - {}
[INFO  - 2018-10-30T12:21:34.616Z] Session [5755bd40-dc3e-11e8-976d-2df7c907daaa] - Session.negotiatedCapabilities - {"browserName":"phantomjs","version":"2.1.1","driverName":"ghostdriver","driverVersion":"1.2.0","platform":"mac-unknown-64bit","javascriptEnabled":true,"takesScreenshot":true,"handlesAlerts":false,"databaseEnabled":false,"locationContextEnabled":false,"applicationCacheEnabled":false,"browserConnectionEnabled":false,"cssSelectorsEnabled":true,"webStorageEnabled":false,"rotatable":false,"acceptSslCerts":false,"nativeEvents":true,"proxy":{"proxyType":"direct"},"phantomjs.page.settings.XSSAuditingEnabled":true,"phantomjs.page.settings.webSecurityEnabled":false,"phantomjs.page.settings.localToRemoteUrlAccessEnabled":true,"phantomjs.page.settings.loadImages":false}
[INFO  - 2018-10-30T12:21:34.616Z] SessionManagerReqHand - _postNewSessionCommand - New Session Created: 5755bd40-dc3e-11e8-976d-2df7c907daaa
[INFO  - 2018-10-30T12:22:01.707Z] ShutdownReqHand - _handle - About to shutdown
[INFO  - 2018-10-30T12:22:03.480Z] GhostDriver - Main - running on port 10755
[INFO  - 2018-10-30T12:22:03.804Z] Session [68bb7980-dc3e-11e8-8c2b-8176d22e3efe] - page.settings - {"XSSAuditingEnabled":true,"javascriptCanCloseWindows":true,"javascriptCanOpenWindows":true,"javascriptEnabled":true,"loadImages":false,"localToRemoteUrlAccessEnabled":true,"userAgent":"Mozilla/5.0 (Macintosh; Intel Mac OS X) AppleWebKit/538.1 (KHTML, like Gecko) PhantomJS/2.1.1 Safari/538.1","webSecurityEnabled":false}
[INFO  - 2018-10-30T12:22:03.804Z] Session [68bb7980-dc3e-11e8-8c2b-8176d22e3efe] - page.customHeaders:  - {}
[INFO  - 2018-10-30T12:22:03.805Z] Session [68bb7980-dc3e-11e8-8c2b-8176d22e3efe] - Session.negotiatedCapabilities - {"browserName":"phantomjs","version":"2.1.1","driverName":"ghostdriver","driverVersion":"1.2.0","platform":"mac-unknown-64bit","javascriptEnabled":true,"takesScreenshot":true,"handlesAlerts":false,"databaseEnabled":false,"locationContextEnabled":false,"applicationCacheEnabled":false,"browserConnectionEnabled":false,"cssSelectorsEnabled":true,"webStorageEnabled":false,"rotatable":false,"acceptSslCerts":false,"nativeEvents":true,"proxy":{"proxyType":"direct"},"phantomjs.page.settings.XSSAuditingEnabled":true,"phantomjs.page.settings.webSecurityEnabled":false,"phantomjs.page.settings.localToRemoteUrlAccessEnabled":true,"phantomjs.page.settings.loadImages":false}
[INFO  - 2018-10-30T12:22:03.805Z] SessionManagerReqHand - _postNewSessionCommand - New Session Created: 68bb7980-dc3e-11e8-8c2b-8176d22e3efe
[INFO  - 2018-10-30T12:22:29.155Z] ShutdownReqHand - _handle - About to shutdown
[INFO  - 2018-10-30T12:38:01.608Z] GhostDriver - Main - running on port 24599
[INFO  - 2018-10-30T12:38:02.046Z] Session [a3e399a0-dc40-11e8-b23f-db57392aa5a4] - page.settings - {"XSSAuditingEnabled":true,"javascriptCanCloseWindows":true,"javascriptCanOpenWindows":true,"javascriptEnabled":true,"loadImages":false,"localToRemoteUrlAccessEnabled":true,"userAgent":"Mozilla/5.0 (Macintosh; Intel Mac OS X) AppleWebKit/538.1 (KHTML, like Gecko) PhantomJS/2.1.1 Safari/538.1","webSecurityEnabled":false}
[INFO  - 2018-10-30T12:38:02.046Z] Session [a3e399a0-dc40-11e8-b23f-db57392aa5a4] - page.customHeaders:  - {}
[INFO  - 2018-10-30T12:38:02.046Z] Session [a3e399a0-dc40-11e8-b23f-db57392aa5a4] - Session.negotiatedCapabilities - {"browserName":"phantomjs","version":"2.1.1","driverName":"ghostdriver","driverVersion":"1.2.0","platform":"mac-unknown-64bit","javascriptEnabled":true,"takesScreenshot":true,"handlesAlerts":false,"databaseEnabled":false,"locationContextEnabled":false,"applicationCacheEnabled":false,"browserConnectionEnabled":false,"cssSelectorsEnabled":true,"webStorageEnabled":false,"rotatable":false,"acceptSslCerts":false,"nativeEvents":true,"proxy":{"proxyType":"direct"},"phantomjs.page.settings.XSSAuditingEnabled":true,"phantomjs.page.settings.webSecurityEnabled":false,"phantomjs.page.settings.localToRemoteUrlAccessEnabled":true,"phantomjs.page.settings.loadImages":false}
[INFO  - 2018-10-30T12:38:02.046Z] SessionManagerReqHand - _postNewSessionCommand - New Session Created: a3e399a0-dc40-11e8-b23f-db57392aa5a4
[ERROR - 2018-10-30T12:38:34.570Z] WebElementLocator - _handleLocateCommand - Element(s) NOT Found: GAVE UP. Search Stop Time: 1540903114513
[INFO  - 2018-10-30T12:38:36.162Z] GhostDriver - Main - running on port 38800
[INFO  - 2018-10-30T12:38:36.577Z] Session [b8780090-dc40-11e8-ad3b-7d089d01f155] - page.settings - {"XSSAuditingEnabled":true,"javascriptCanCloseWindows":true,"javascriptCanOpenWindows":true,"javascriptEnabled":true,"loadImages":false,"localToRemoteUrlAccessEnabled":true,"userAgent":"Mozilla/5.0 (Macintosh; Intel Mac OS X) AppleWebKit/538.1 (KHTML, like Gecko) PhantomJS/2.1.1 Safari/538.1","webSecurityEnabled":false}
[INFO  - 2018-10-30T12:38:36.577Z] Session [b8780090-dc40-11e8-ad3b-7d089d01f155] - page.customHeaders:  - {}
[INFO  - 2018-10-30T12:38:36.577Z] Session [b8780090-dc40-11e8-ad3b-7d089d01f155] - Session.negotiatedCapabilities - {"browserName":"phantomjs","version":"2.1.1","driverName":"ghostdriver","driverVersion":"1.2.0","platform":"mac-unknown-64bit","javascriptEnabled":true,"takesScreenshot":true,"handlesAlerts":false,"databaseEnabled":false,"locationContextEnabled":false,"applicationCacheEnabled":false,"browserConnectionEnabled":false,"cssSelectorsEnabled":true,"webStorageEnabled":false,"rotatable":false,"acceptSslCerts":false,"nativeEvents":true,"proxy":{"proxyType":"direct"},"phantomjs.page.settings.XSSAuditingEnabled":true,"phantomjs.page.settings.webSecurityEnabled":false,"phantomjs.page.settings.localToRemoteUrlAccessEnabled":true,"phantomjs.page.settings.loadImages":false}
[INFO  - 2018-10-30T12:38:36.578Z] SessionManagerReqHand - _postNewSessionCommand - New Session Created: b8780090-dc40-11e8-ad3b-7d089d01f155
[INFO  - 2018-10-30T12:45:01.703Z] GhostDriver - Main - running on port 42097
[INFO  - 2018-10-30T12:45:02.077Z] Session [9e3f1780-dc41-11e8-b3a9-5b65a61a020c] - page.settings - {"XSSAuditingEnabled":true,"javascriptCanCloseWindows":true,"javascriptCanOpenWindows":true,"javascriptEnabled":true,"loadImages":false,"localToRemoteUrlAccessEnabled":true,"userAgent":"Mozilla/5.0 (Macintosh; Intel Mac OS X) AppleWebKit/538.1 (KHTML, like Gecko) PhantomJS/2.1.1 Safari/538.1","webSecurityEnabled":false}
[INFO  - 2018-10-30T12:45:02.077Z] Session [9e3f1780-dc41-11e8-b3a9-5b65a61a020c] - page.customHeaders:  - {}
[INFO  - 2018-10-30T12:45:02.077Z] Session [9e3f1780-dc41-11e8-b3a9-5b65a61a020c] - Session.negotiatedCapabilities - {"browserName":"phantomjs","version":"2.1.1","driverName":"ghostdriver","driverVersion":"1.2.0","platform":"mac-unknown-64bit","javascriptEnabled":true,"takesScreenshot":true,"handlesAlerts":false,"databaseEnabled":false,"locationContextEnabled":false,"applicationCacheEnabled":false,"browserConnectionEnabled":false,"cssSelectorsEnabled":true,"webStorageEnabled":false,"rotatable":false,"acceptSslCerts":false,"nativeEvents":true,"proxy":{"proxyType":"direct"},"phantomjs.page.settings.XSSAuditingEnabled":true,"phantomjs.page.settings.webSecurityEnabled":false,"phantomjs.page.settings.localToRemoteUrlAccessEnabled":true,"phantomjs.page.settings.loadImages":false}
[INFO  - 2018-10-30T12:45:02.077Z] SessionManagerReqHand - _postNewSessionCommand - New Session Created: 9e3f1780-dc41-11e8-b3a9-5b65a61a020c
[ERROR - 2018-10-30T12:45:32.631Z] WebElementLocator - _handleLocateCommand - Element(s) NOT Found: GAVE UP. Search Stop Time: 1540903532605
[INFO  - 2018-10-30T12:45:34.680Z] GhostDriver - Main - running on port 5762
[INFO  - 2018-10-30T12:45:35.059Z] Session [b1e7bee0-dc41-11e8-8ba9-2bac4e188643] - page.settings - {"XSSAuditingEnabled":true,"javascriptCanCloseWindows":true,"javascriptCanOpenWindows":true,"javascriptEnabled":true,"loadImages":false,"localToRemoteUrlAccessEnabled":true,"userAgent":"Mozilla/5.0 (Macintosh; Intel Mac OS X) AppleWebKit/538.1 (KHTML, like Gecko) PhantomJS/2.1.1 Safari/538.1","webSecurityEnabled":false}
[INFO  - 2018-10-30T12:45:35.059Z] Session [b1e7bee0-dc41-11e8-8ba9-2bac4e188643] - page.customHeaders:  - {}
[INFO  - 2018-10-30T12:45:35.059Z] Session [b1e7bee0-dc41-11e8-8ba9-2bac4e188643] - Session.negotiatedCapabilities - {"browserName":"phantomjs","version":"2.1.1","driverName":"ghostdriver","driverVersion":"1.2.0","platform":"mac-unknown-64bit","javascriptEnabled":true,"takesScreenshot":true,"handlesAlerts":false,"databaseEnabled":false,"locationContextEnabled":false,"applicationCacheEnabled":false,"browserConnectionEnabled":false,"cssSelectorsEnabled":true,"webStorageEnabled":false,"rotatable":false,"acceptSslCerts":false,"nativeEvents":true,"proxy":{"proxyType":"direct"},"phantomjs.page.settings.XSSAuditingEnabled":true,"phantomjs.page.settings.webSecurityEnabled":false,"phantomjs.page.settings.localToRemoteUrlAccessEnabled":true,"phantomjs.page.settings.loadImages":false}
[INFO  - 2018-10-30T12:45:35.059Z] SessionManagerReqHand - _postNewSessionCommand - New Session Created: b1e7bee0-dc41-11e8-8ba9-2bac4e188643
[INFO  - 2018-10-30T12:46:40.926Z] ShutdownReqHand - _handle - About to shutdown
[INFO  - 2018-10-30T12:46:42.628Z] GhostDriver - Main - running on port 27655
[INFO  - 2018-10-30T12:46:43.010Z] Session [da6865e0-dc41-11e8-b362-4d5e06e44be2] - page.settings - {"XSSAuditingEnabled":true,"javascriptCanCloseWindows":true,"javascriptCanOpenWindows":true,"javascriptEnabled":true,"loadImages":false,"localToRemoteUrlAccessEnabled":true,"userAgent":"Mozilla/5.0 (Macintosh; Intel Mac OS X) AppleWebKit/538.1 (KHTML, like Gecko) PhantomJS/2.1.1 Safari/538.1","webSecurityEnabled":false}
[INFO  - 2018-10-30T12:46:43.010Z] Session [da6865e0-dc41-11e8-b362-4d5e06e44be2] - page.customHeaders:  - {}
[INFO  - 2018-10-30T12:46:43.010Z] Session [da6865e0-dc41-11e8-b362-4d5e06e44be2] - Session.negotiatedCapabilities - {"browserName":"phantomjs","version":"2.1.1","driverName":"ghostdriver","driverVersion":"1.2.0","platform":"mac-unknown-64bit","javascriptEnabled":true,"takesScreenshot":true,"handlesAlerts":false,"databaseEnabled":false,"locationContextEnabled":false,"applicationCacheEnabled":false,"browserConnectionEnabled":false,"cssSelectorsEnabled":true,"webStorageEnabled":false,"rotatable":false,"acceptSslCerts":false,"nativeEvents":true,"proxy":{"proxyType":"direct"},"phantomjs.page.settings.XSSAuditingEnabled":true,"phantomjs.page.settings.webSecurityEnabled":false,"phantomjs.page.settings.localToRemoteUrlAccessEnabled":true,"phantomjs.page.settings.loadImages":false}
[INFO  - 2018-10-30T12:46:43.010Z] SessionManagerReqHand - _postNewSessionCommand - New Session Created: da6865e0-dc41-11e8-b362-4d5e06e44be2
[INFO  - 2018-10-30T12:47:11.451Z] ShutdownReqHand - _handle - About to shutdown
[INFO  - 2018-10-30T12:50:01.701Z] SessionManagerReqHand - _cleanupWindowlessSessions - Asynchronous Sessions clean-up phase starting NOW
[INFO  - 2018-10-30T12:56:01.435Z] GhostDriver - Main - running on port 36183
[INFO  - 2018-10-30T12:56:01.994Z] Session [27969660-dc43-11e8-8518-9d1d6d0b01a4] - page.settings - {"XSSAuditingEnabled":true,"javascriptCanCloseWindows":true,"javascriptCanOpenWindows":true,"javascriptEnabled":true,"loadImages":false,"localToRemoteUrlAccessEnabled":true,"userAgent":"Mozilla/5.0 (Macintosh; Intel Mac OS X) AppleWebKit/538.1 (KHTML, like Gecko) PhantomJS/2.1.1 Safari/538.1","webSecurityEnabled":false}
[INFO  - 2018-10-30T12:56:01.994Z] Session [27969660-dc43-11e8-8518-9d1d6d0b01a4] - page.customHeaders:  - {}
[INFO  - 2018-10-30T12:56:01.994Z] Session [27969660-dc43-11e8-8518-9d1d6d0b01a4] - Session.negotiatedCapabilities - {"browserName":"phantomjs","version":"2.1.1","driverName":"ghostdriver","driverVersion":"1.2.0","platform":"mac-unknown-64bit","javascriptEnabled":true,"takesScreenshot":true,"handlesAlerts":false,"databaseEnabled":false,"locationContextEnabled":false,"applicationCacheEnabled":false,"browserConnectionEnabled":false,"cssSelectorsEnabled":true,"webStorageEnabled":false,"rotatable":false,"acceptSslCerts":false,"nativeEvents":true,"proxy":{"proxyType":"direct"},"phantomjs.page.settings.XSSAuditingEnabled":true,"phantomjs.page.settings.webSecurityEnabled":false,"phantomjs.page.settings.localToRemoteUrlAccessEnabled":true,"phantomjs.page.settings.loadImages":false}
[INFO  - 2018-10-30T12:56:01.995Z] SessionManagerReqHand - _postNewSessionCommand - New Session Created: 27969660-dc43-11e8-8518-9d1d6d0b01a4
[INFO  - 2018-10-30T12:56:31.048Z] ShutdownReqHand - _handle - About to shutdown
[INFO  - 2018-10-30T12:56:32.887Z] GhostDriver - Main - running on port 3903
[INFO  - 2018-10-30T12:56:33.128Z] Session [3a254240-dc43-11e8-8b3c-43b2ec257d2e] - page.settings - {"XSSAuditingEnabled":true,"javascriptCanCloseWindows":true,"javascriptCanOpenWindows":true,"javascriptEnabled":true,"loadImages":false,"localToRemoteUrlAccessEnabled":true,"userAgent":"Mozilla/5.0 (Macintosh; Intel Mac OS X) AppleWebKit/538.1 (KHTML, like Gecko) PhantomJS/2.1.1 Safari/538.1","webSecurityEnabled":false}
[INFO  - 2018-10-30T12:56:33.128Z] Session [3a254240-dc43-11e8-8b3c-43b2ec257d2e] - page.customHeaders:  - {}
[INFO  - 2018-10-30T12:56:33.128Z] Session [3a254240-dc43-11e8-8b3c-43b2ec257d2e] - Session.negotiatedCapabilities - {"browserName":"phantomjs","version":"2.1.1","driverName":"ghostdriver","driverVersion":"1.2.0","platform":"mac-unknown-64bit","javascriptEnabled":true,"takesScreenshot":true,"handlesAlerts":false,"databaseEnabled":false,"locationContextEnabled":false,"applicationCacheEnabled":false,"browserConnectionEnabled":false,"cssSelectorsEnabled":true,"webStorageEnabled":false,"rotatable":false,"acceptSslCerts":false,"nativeEvents":true,"proxy":{"proxyType":"direct"},"phantomjs.page.settings.XSSAuditingEnabled":true,"phantomjs.page.settings.webSecurityEnabled":false,"phantomjs.page.settings.localToRemoteUrlAccessEnabled":true,"phantomjs.page.settings.loadImages":false}
[INFO  - 2018-10-30T12:56:33.128Z] SessionManagerReqHand - _postNewSessionCommand - New Session Created: 3a254240-dc43-11e8-8b3c-43b2ec257d2e
[INFO  - 2018-10-30T12:57:03.115Z] ShutdownReqHand - _handle - About to shutdown
[INFO  - 2018-10-30T12:57:04.741Z] GhostDriver - Main - running on port 36998
[INFO  - 2018-10-30T12:57:05.203Z] Session [4d4383f0-dc43-11e8-8ba1-4d56c5229e38] - page.settings - {"XSSAuditingEnabled":true,"javascriptCanCloseWindows":true,"javascriptCanOpenWindows":true,"javascriptEnabled":true,"loadImages":false,"localToRemoteUrlAccessEnabled":true,"userAgent":"Mozilla/5.0 (Macintosh; Intel Mac OS X) AppleWebKit/538.1 (KHTML, like Gecko) PhantomJS/2.1.1 Safari/538.1","webSecurityEnabled":false}
[INFO  - 2018-10-30T12:57:05.203Z] Session [4d4383f0-dc43-11e8-8ba1-4d56c5229e38] - page.customHeaders:  - {}
[INFO  - 2018-10-30T12:57:05.203Z] Session [4d4383f0-dc43-11e8-8ba1-4d56c5229e38] - Session.negotiatedCapabilities - {"browserName":"phantomjs","version":"2.1.1","driverName":"ghostdriver","driverVersion":"1.2.0","platform":"mac-unknown-64bit","javascriptEnabled":true,"takesScreenshot":true,"handlesAlerts":false,"databaseEnabled":false,"locationContextEnabled":false,"applicationCacheEnabled":false,"browserConnectionEnabled":false,"cssSelectorsEnabled":true,"webStorageEnabled":false,"rotatable":false,"acceptSslCerts":false,"nativeEvents":true,"proxy":{"proxyType":"direct"},"phantomjs.page.settings.XSSAuditingEnabled":true,"phantomjs.page.settings.webSecurityEnabled":false,"phantomjs.page.settings.localToRemoteUrlAccessEnabled":true,"phantomjs.page.settings.loadImages":false}
[INFO  - 2018-10-30T12:57:05.203Z] SessionManagerReqHand - _postNewSessionCommand - New Session Created: 4d4383f0-dc43-11e8-8ba1-4d56c5229e38
[INFO  - 2018-10-30T12:57:35.766Z] ShutdownReqHand - _handle - About to shutdown
[INFO  - 2018-10-30T13:04:01.668Z] GhostDriver - Main - running on port 6862
[INFO  - 2018-10-30T13:04:02.172Z] Session [45cbef80-dc44-11e8-9234-bf69c7b96f0c] - page.settings - {"XSSAuditingEnabled":true,"javascriptCanCloseWindows":true,"javascriptCanOpenWindows":true,"javascriptEnabled":true,"loadImages":false,"localToRemoteUrlAccessEnabled":true,"userAgent":"Mozilla/5.0 (Macintosh; Intel Mac OS X) AppleWebKit/538.1 (KHTML, like Gecko) PhantomJS/2.1.1 Safari/538.1","webSecurityEnabled":false}
[INFO  - 2018-10-30T13:04:02.172Z] Session [45cbef80-dc44-11e8-9234-bf69c7b96f0c] - page.customHeaders:  - {}
[INFO  - 2018-10-30T13:04:02.172Z] Session [45cbef80-dc44-11e8-9234-bf69c7b96f0c] - Session.negotiatedCapabilities - {"browserName":"phantomjs","version":"2.1.1","driverName":"ghostdriver","driverVersion":"1.2.0","platform":"mac-unknown-64bit","javascriptEnabled":true,"takesScreenshot":true,"handlesAlerts":false,"databaseEnabled":false,"locationContextEnabled":false,"applicationCacheEnabled":false,"browserConnectionEnabled":false,"cssSelectorsEnabled":true,"webStorageEnabled":false,"rotatable":false,"acceptSslCerts":false,"nativeEvents":true,"proxy":{"proxyType":"direct"},"phantomjs.page.settings.XSSAuditingEnabled":true,"phantomjs.page.settings.webSecurityEnabled":false,"phantomjs.page.settings.localToRemoteUrlAccessEnabled":true,"phantomjs.page.settings.loadImages":false}
[INFO  - 2018-10-30T13:04:02.172Z] SessionManagerReqHand - _postNewSessionCommand - New Session Created: 45cbef80-dc44-11e8-9234-bf69c7b96f0c
[INFO  - 2018-10-30T13:04:32.887Z] ShutdownReqHand - _handle - About to shutdown
[INFO  - 2018-10-30T13:04:34.572Z] GhostDriver - Main - running on port 41366
[INFO  - 2018-10-30T13:04:34.983Z] Session [595a7f30-dc44-11e8-b6f0-2f0489957d17] - page.settings - {"XSSAuditingEnabled":true,"javascriptCanCloseWindows":true,"javascriptCanOpenWindows":true,"javascriptEnabled":true,"loadImages":false,"localToRemoteUrlAccessEnabled":true,"userAgent":"Mozilla/5.0 (Macintosh; Intel Mac OS X) AppleWebKit/538.1 (KHTML, like Gecko) PhantomJS/2.1.1 Safari/538.1","webSecurityEnabled":false}
[INFO  - 2018-10-30T13:04:34.983Z] Session [595a7f30-dc44-11e8-b6f0-2f0489957d17] - page.customHeaders:  - {}
[INFO  - 2018-10-30T13:04:34.983Z] Session [595a7f30-dc44-11e8-b6f0-2f0489957d17] - Session.negotiatedCapabilities - {"browserName":"phantomjs","version":"2.1.1","driverName":"ghostdriver","driverVersion":"1.2.0","platform":"mac-unknown-64bit","javascriptEnabled":true,"takesScreenshot":true,"handlesAlerts":false,"databaseEnabled":false,"locationContextEnabled":false,"applicationCacheEnabled":false,"browserConnectionEnabled":false,"cssSelectorsEnabled":true,"webStorageEnabled":false,"rotatable":false,"acceptSslCerts":false,"nativeEvents":true,"proxy":{"proxyType":"direct"},"phantomjs.page.settings.XSSAuditingEnabled":true,"phantomjs.page.settings.webSecurityEnabled":false,"phantomjs.page.settings.localToRemoteUrlAccessEnabled":true,"phantomjs.page.settings.loadImages":false}
[INFO  - 2018-10-30T13:04:34.984Z] SessionManagerReqHand - _postNewSessionCommand - New Session Created: 595a7f30-dc44-11e8-b6f0-2f0489957d17
[INFO  - 2018-10-30T13:05:01.793Z] ShutdownReqHand - _handle - About to shutdown
[INFO  - 2018-10-30T13:05:03.418Z] GhostDriver - Main - running on port 27565
[INFO  - 2018-10-30T13:05:03.882Z] Session [6a93fb50-dc44-11e8-a283-31532f43291e] - page.settings - {"XSSAuditingEnabled":true,"javascriptCanCloseWindows":true,"javascriptCanOpenWindows":true,"javascriptEnabled":true,"loadImages":false,"localToRemoteUrlAccessEnabled":true,"userAgent":"Mozilla/5.0 (Macintosh; Intel Mac OS X) AppleWebKit/538.1 (KHTML, like Gecko) PhantomJS/2.1.1 Safari/538.1","webSecurityEnabled":false}
[INFO  - 2018-10-30T13:05:03.882Z] Session [6a93fb50-dc44-11e8-a283-31532f43291e] - page.customHeaders:  - {}
[INFO  - 2018-10-30T13:05:03.882Z] Session [6a93fb50-dc44-11e8-a283-31532f43291e] - Session.negotiatedCapabilities - {"browserName":"phantomjs","version":"2.1.1","driverName":"ghostdriver","driverVersion":"1.2.0","platform":"mac-unknown-64bit","javascriptEnabled":true,"takesScreenshot":true,"handlesAlerts":false,"databaseEnabled":false,"locationContextEnabled":false,"applicationCacheEnabled":false,"browserConnectionEnabled":false,"cssSelectorsEnabled":true,"webStorageEnabled":false,"rotatable":false,"acceptSslCerts":false,"nativeEvents":true,"proxy":{"proxyType":"direct"},"phantomjs.page.settings.XSSAuditingEnabled":true,"phantomjs.page.settings.webSecurityEnabled":false,"phantomjs.page.settings.localToRemoteUrlAccessEnabled":true,"phantomjs.page.settings.loadImages":false}
[INFO  - 2018-10-30T13:05:03.882Z] SessionManagerReqHand - _postNewSessionCommand - New Session Created: 6a93fb50-dc44-11e8-a283-31532f43291e
[INFO  - 2018-10-30T13:05:28.694Z] ShutdownReqHand - _handle - About to shutdown
